[16:37:46] [main/INFO] (FabricLoader/GameProvider) Loading Minecraft 1.19.3 with Fabric Loader 0.14.12
[16:37:47] [main/INFO] (FabricLoader) Loading 47 mods:
	- bendy-lib 3.0.0
	- betteranimations 1.0-SNAPSHOT
	- fabric-api 0.70.0+1.19.3
	- fabric-api-base 0.4.20+afca2f3e85
	- fabric-api-lookup-api-v1 1.6.19+49abcf7e85
	- fabric-biome-api-v1 12.0.1+f1e4495b85
	- fabric-block-api-v1 1.0.4+e022e5d185
	- fabric-blockrenderlayer-v1 1.1.29+c6af733c85
	- fabric-client-tags-api-v1 1.0.10+99f9db8085
	- fabric-command-api-v2 2.1.16+99f9db8085
	- fabric-content-registries-v0 3.5.0+1d37d50285
	- fabric-convention-tags-v1 1.2.1+8e4e694f85
	- fabric-crash-report-info-v1 0.2.13+aeb40ebe85
	- fabric-data-generation-api-v1 11.1.2+33a4e2d785
	- fabric-dimensions-v1 2.1.40+48349a3f85
	- fabric-entity-events-v1 1.5.6+b83334a085
	- fabric-events-interaction-v0 0.4.38+f1e4495b85
	- fabric-game-rule-api-v1 1.0.29+99f9db8085
	- fabric-gametest-api-v1 1.1.15+f1e4495b85
	- fabric-item-api-v1 2.1.6+99f9db8085
	- fabric-item-group-api-v1 2.1.9+d3d735d085
	- fabric-key-binding-api-v1 1.0.29+aaaf9d3385
	- fabric-lifecycle-events-v1 2.2.9+23a79c8a85
	- fabric-loot-api-v2 1.1.19+75e9821185
	- fabric-message-api-v1 5.0.13+6ede1da985
	- fabric-mining-level-api-v1 2.1.30+49abcf7e85
	- fabric-models-v0 0.3.26+11ba9c3b85
	- fabric-networking-api-v1 1.2.15+99f9db8085
	- fabric-object-builder-api-v1 5.2.1+f1e4495b85
	- fabric-particles-v1 1.0.19+f1e4495b85
	- fabric-registry-sync-v0 2.0.2+2608564685
	- fabric-renderer-api-v1 2.1.1+afca2f3e85
	- fabric-renderer-indigo 0.6.24+99f9db8085
	- fabric-rendering-data-attachment-v1 0.3.24+afca2f3e85
	- fabric-rendering-fluids-v1 3.0.17+f1e4495b85
	- fabric-rendering-v1 1.12.0+6dc0edd785
	- fabric-resource-conditions-api-v1 2.2.1+280be3ab85
	- fabric-resource-loader-v0 0.10.4+a91e48b785
	- fabric-screen-api-v1 1.0.40+f1e4495b85
	- fabric-screen-handler-api-v1 1.3.11+99f9db8085
	- fabric-sound-api-v1 1.0.7+75e9821185
	- fabric-transfer-api-v1 2.1.13+f1e4495b85
	- fabric-transitive-access-wideners-v1 2.2.0+1d37d50285
	- fabricloader 0.14.12
	- java 18
	- minecraft 1.19.3
	- player-animator 0.4.1+1.19.3
[16:37:50] [main/INFO] (FabricLoader/Mixin) SpongePowered MIXIN Subsystem Version=0.8.5 Source=file:/C:/Users/lolga/.gradle/caches/modules-2/files-2.1/net.fabricmc/sponge-mixin/0.11.4+mixin.0.8.5/c1dc27696aa4006e492c2485c9ccbcb26045a971/sponge-mixin-0.11.4+mixin.0.8.5.jar Service=Knot/Fabric Env=CLIENT
[16:37:51] [main/INFO] (FabricLoader/Mixin) Loaded Fabric development mappings for mixin remapper!
[16:37:51] [main/INFO] (FabricLoader/Mixin) Compatibility level set to JAVA_16
[16:37:51] [main/INFO] (FabricLoader/Mixin) Compatibility level set to JAVA_17
